#
# A fatal error has been detected by the Java Runtime Environment:
#
#  EXCEPTION_ACCESS_VIOLATION (0xc0000005) at pc=0x00000000688272f5, pid=6120, tid=5308
#
# JRE version: Java(TM) SE Runtime Environment (8.0_05-b13) (build 1.8.0_05-b13)
# Java VM: Java HotSpot(TM) 64-Bit Server VM (25.5-b02 mixed mode windows-amd64 compressed oops)
# Problematic frame:
# V  [jvm.dll+0x1172f5]
#
# Failed to write core dump. Minidumps are not enabled by default on client versions of Windows
#
# If you would like to submit a bug report, please visit:
#   http://bugreport.sun.com/bugreport/crash.jsp
#

---------------  T H R E A D  ---------------

Current thread (0x0000000056816800):  JavaThread "JDWP Transport Listener: dt_socket" daemon [_thread_in_vm, id=5308, stack(0x00000000570c0000,0x00000000571c0000)]

siginfo: ExceptionCode=0xc0000005, reading address 0xffffffffffffffff

Registers:
RAX=0x00000000571bf201, RBX=0x0000000056816800, RCX=0x6d656c450000005f, RDX=0x0000000000000000
RSP=0x00000000571bf1d0, RBP=0x6d656c450000005f, RSI=0x00000000571bf2e8, RDI=0x0000000002258fd0
R8 =0x0000000056816800, R9 =0x0000000000000700, R10=0x0000000000000000, R11=0x000003670046002e
R12=0x0000000000000000, R13=0x000000005500e988, R14=0x0000000000000000, R15=0x0000000000000000
RIP=0x00000000688272f5, EFLAGS=0x0000000000010206

Top of Stack: (sp=0x00000000571bf1d0)
0x00000000571bf1d0:   0000000056816800 0000000056816800
0x00000000571bf1e0:   00000000571bf298 0000000068a1a04b
0x00000000571bf1f0:   0000000056816800 0000000068a368ad
0x00000000571bf200:   0000000000000000 000000006ae79149
0x00000000571bf210:   00000000581c8508 000000006ae82912
0x00000000571bf220:   0000000056816800 0000000000000000
0x00000000571bf230:   0000000000000000 0000000000000000
0x00000000571bf240:   6d656c450000005f 000000006ae81a09
0x00000000571bf250:   00000000571bf2e8 00000000571bf2c0
0x00000000571bf260:   0000000000000001 00000000581c8508
0x00000000571bf270:   6d656c450000005f 000000006ae653b3
0x00000000571bf280:   00000000571bf3b0 0000000000000001
0x00000000571bf290:   0000000000000001 00000000581c8508
0x00000000571bf2a0:   0000000000000009 0000000000000000
0x00000000571bf2b0:   0000000000000000 0000000000000000
0x00000000571bf2c0:   0000000000000001 000000006ae65571 

Instructions: (pc=0x00000000688272f5)
0x00000000688272d5:   cc cc cc cc cc cc cc cc cc cc cc 48 83 ec 28 48
0x00000000688272e5:   85 c9 75 07 33 c0 48 83 c4 28 c3 48 89 5c 24 20
0x00000000688272f5:   48 8b 19 48 85 db 74 20 48 83 fb 37 74 1a 48 8b
0x0000000068827305:   13 48 8b cb ff 52 08 84 c0 74 0d 48 8b c3 48 8b 


Register to memory mapping:

RAX=0x00000000571bf201 is pointing into the stack for thread: 0x0000000056816800
RBX=0x0000000056816800 is a thread
RCX=0x6d656c450000005f is an unknown value
RDX=0x0000000000000000 is an unknown value
RSP=0x00000000571bf1d0 is pointing into the stack for thread: 0x0000000056816800
RBP=0x6d656c450000005f is an unknown value
RSI=0x00000000571bf2e8 is pointing into the stack for thread: 0x0000000056816800
RDI=0x0000000002258fd0 is an unknown value
R8 =0x0000000056816800 is a thread
R9 =0x0000000000000700 is an unknown value
R10=0x0000000000000000 is an unknown value
R11=0x000003670046002e is an unknown value
R12=0x0000000000000000 is an unknown value
R13=0x000000005500e988 is an unknown value
R14=0x0000000000000000 is an unknown value
R15=0x0000000000000000 is an unknown value


Stack: [0x00000000570c0000,0x00000000571c0000],  sp=0x00000000571bf1d0,  free space=1020k
Native frames: (J=compiled Java code, j=interpreted, Vv=VM code, C=native code)
V  [jvm.dll+0x1172f5]
V  [jvm.dll+0x3268ad]
C  [jdwp.dll+0x21a09]
C  [jdwp.dll+0x53b3]
C  [jdwp.dll+0x5571]
C  [jdwp.dll+0xf09c]
C  [jdwp.dll+0x1f2c9]
C  [jdwp.dll+0x1f49e]
V  [jvm.dll+0x1a7128]
V  [jvm.dll+0x2232c4]
V  [jvm.dll+0x27baca]
C  [msvcr100.dll+0x21d9f]
C  [msvcr100.dll+0x21e3b]
C  [kernel32.dll+0x159cd]
C  [ntdll.dll+0x2a561]


---------------  P R O C E S S  ---------------

Java Threads: ( => current thread )
  0x0000000057fb9000 JavaThread "LWJGL Timer" daemon [_thread_blocked, id=1312, stack(0x000000005d010000,0x000000005d110000)]
  0x0000000057fb7800 JavaThread "Thread-1" [_thread_in_Java, id=7600, stack(0x000000005cd70000,0x000000005ce70000)]
  0x0000000056a2f800 JavaThread "Java2D Disposer" daemon [_thread_blocked, id=5044, stack(0x0000000057cc0000,0x0000000057dc0000)]
  0x0000000056897000 JavaThread "Service Thread" daemon [_thread_blocked, id=4900, stack(0x0000000057860000,0x0000000057960000)]
  0x0000000056834000 JavaThread "C1 CompilerThread2" daemon [_thread_blocked, id=7988, stack(0x0000000056dc0000,0x0000000056ec0000)]
  0x0000000056831800 JavaThread "C2 CompilerThread1" daemon [_thread_blocked, id=5280, stack(0x00000000576a0000,0x00000000577a0000)]
  0x000000005682d000 JavaThread "C2 CompilerThread0" daemon [_thread_blocked, id=1052, stack(0x00000000572d0000,0x00000000573d0000)]
  0x000000005681d800 JavaThread "JDWP Command Reader" daemon [_thread_in_native, id=4920, stack(0x0000000057490000,0x0000000057590000)]
  0x000000005681c000 JavaThread "JDWP Event Helper Thread" daemon [_thread_blocked, id=7284, stack(0x0000000056c30000,0x0000000056d30000)]
=>0x0000000056816800 JavaThread "JDWP Transport Listener: dt_socket" daemon [_thread_in_vm, id=5308, stack(0x00000000570c0000,0x00000000571c0000)]
  0x0000000055005800 JavaThread "Attach Listener" daemon [_thread_blocked, id=6544, stack(0x0000000056710000,0x0000000056810000)]
  0x0000000055002800 JavaThread "Signal Dispatcher" daemon [_thread_blocked, id=7460, stack(0x00000000562a0000,0x00000000563a0000)]
  0x0000000054f9f000 JavaThread "Finalizer" daemon [_thread_blocked, id=6932, stack(0x00000000565a0000,0x00000000566a0000)]
  0x0000000054f99800 JavaThread "Reference Handler" daemon [_thread_blocked, id=1908, stack(0x00000000563a0000,0x00000000564a0000)]
  0x0000000002298000 JavaThread "main" [_thread_blocked, id=2936, stack(0x00000000025d0000,0x00000000026d0000)]

Other Threads:
  0x0000000054f96000 VMThread [stack: 0x00000000560e0000,0x00000000561e0000] [id=1184]
  0x00000000568a1800 WatcherThread [stack: 0x0000000057a10000,0x0000000057b10000] [id=6640]

VM state:not at safepoint (normal execution)

VM Mutex/Monitor currently owned by a thread: None

Heap:
 PSYoungGen      total 5632K, used 2990K [0x00000000eb580000, 0x00000000ebc80000, 0x0000000100000000)
  eden space 4096K, 57% used [0x00000000eb580000,0x00000000eb7cb948,0x00000000eb980000)
  from space 1536K, 41% used [0x00000000ebb00000,0x00000000ebba0000,0x00000000ebc80000)
  to   space 1536K, 0% used [0x00000000eb980000,0x00000000eb980000,0x00000000ebb00000)
 ParOldGen       total 61952K, used 3123K [0x00000000c2000000, 0x00000000c5c80000, 0x00000000eb580000)
  object space 61952K, 5% used [0x00000000c2000000,0x00000000c230cd48,0x00000000c5c80000)
 Metaspace       used 7419K, capacity 7545K, committed 7808K, reserved 1056768K
  class space    used 743K, capacity 787K, committed 896K, reserved 1048576K

Card table byte_map: [0x0000000011d60000,0x0000000011f60000] byte_map_base: 0x0000000011750000

Marking Bits: (ParMarkBitMap*) 0x0000000068ec13b0
 Begin Bits: [0x0000000012520000, 0x00000000134a0000)
 End Bits:   [0x00000000134a0000, 0x0000000014420000)

Polling page: 0x0000000000230000

CodeCache: size=245760Kb used=2687Kb max_used=2701Kb free=243072Kb
 bounds [0x00000000029a0000, 0x0000000002c50000, 0x00000000119a0000]
 total_blobs=1086 nmethods=626 adapters=382
 compilation: enabled

Compilation events (10 events):
Event: 4.811 Thread 0x0000000056834000  623       3       java.io.BufferedInputStream::getInIfOpen (21 bytes)
Event: 4.812 Thread 0x0000000056834000 nmethod 623 0x0000000002c3be50 code [0x0000000002c3bfc0, 0x0000000002c3c208]
Event: 4.812 Thread 0x0000000056834000  624       3       java.util.zip.InflaterInputStream::available (15 bytes)
Event: 4.812 Thread 0x0000000056834000 nmethod 624 0x0000000002c3b8d0 code [0x0000000002c3ba60, 0x0000000002c3bd48]
Event: 4.819 Thread 0x0000000056831800  625 %     4       java.awt.image.BufferedImage::getRGB @ 173 (231 bytes)
Event: 4.857 Thread 0x0000000056831800 nmethod 625% 0x0000000002c41190 code [0x0000000002c41320, 0x0000000002c424a8]
Event: 4.858 Thread 0x000000005682d000  626       4       java.awt.image.BufferedImage::getRGB (231 bytes)
Event: 4.879 Thread 0x000000005682d000 nmethod 626 0x0000000002c42e90 code [0x0000000002c43040, 0x0000000002c441c8]
Event: 4.879 Thread 0x000000005682d000  627 %     4       graphicObjects.TextureLoader::loadTexture @ 59 (241 bytes)
Event: 4.899 Thread 0x000000005682d000 nmethod 627% 0x0000000002c44c90 code [0x0000000002c44e60, 0x0000000002c45b40]

GC Heap History (10 events):
Event: 0.350 GC heap before
{Heap before GC invocations=4 (full 0):
 PSYoungGen      total 1024K, used 1008K [0x00000000eb580000, 0x00000000eb780000, 0x0000000100000000)
  eden space 512K, 100% used [0x00000000eb580000,0x00000000eb600000,0x00000000eb600000)
  from space 512K, 96% used [0x00000000eb600000,0x00000000eb67c010,0x00000000eb680000)
  to   space 512K, 0% used [0x00000000eb700000,0x00000000eb700000,0x00000000eb780000)
 ParOldGen       total 61952K, used 261K [0x00000000c2000000, 0x00000000c5c80000, 0x00000000eb580000)
  object space 61952K, 0% used [0x00000000c2000000,0x00000000c2041448,0x00000000c5c80000)
 Metaspace       used 4648K, capacity 4916K, committed 5248K, reserved 1056768K
  class space    used 500K, capacity 538K, committed 640K, reserved 1048576K
Event: 0.351 GC heap after
Heap after GC invocations=4 (full 0):
 PSYoungGen      total 1536K, used 496K [0x00000000eb580000, 0x00000000eb780000, 0x0000000100000000)
  eden space 1024K, 0% used [0x00000000eb580000,0x00000000eb580000,0x00000000eb680000)
  from space 512K, 96% used [0x00000000eb700000,0x00000000eb77c010,0x00000000eb780000)
  to   space 512K, 0% used [0x00000000eb680000,0x00000000eb680000,0x00000000eb700000)
 ParOldGen       total 61952K, used 462K [0x00000000c2000000, 0x00000000c5c80000, 0x00000000eb580000)
  object space 61952K, 0% used [0x00000000c2000000,0x00000000c2073908,0x00000000c5c80000)
 Metaspace       used 4648K, capacity 4916K, committed 5248K, reserved 1056768K
  class space    used 500K, capacity 538K, committed 640K, reserved 1048576K
}
Event: 0.476 GC heap before
{Heap before GC invocations=5 (full 0):
 PSYoungGen      total 1536K, used 1515K [0x00000000eb580000, 0x00000000eb780000, 0x0000000100000000)
  eden space 1024K, 99% used [0x00000000eb580000,0x00000000eb67ef20,0x00000000eb680000)
  from space 512K, 96% used [0x00000000eb700000,0x00000000eb77c010,0x00000000eb780000)
  to   space 512K, 0% used [0x00000000eb680000,0x00000000eb680000,0x00000000eb700000)
 ParOldGen       total 61952K, used 462K [0x00000000c2000000, 0x00000000c5c80000, 0x00000000eb580000)
  object space 61952K, 0% used [0x00000000c2000000,0x00000000c2073908,0x00000000c5c80000)
 Metaspace       used 6459K, capacity 6582K, committed 6656K, reserved 1056768K
  class space    used 708K, capacity 755K, committed 768K, reserved 1048576K
Event: 0.477 GC heap after
Heap after GC invocations=5 (full 0):
 PSYoungGen      total 1536K, used 512K [0x00000000eb580000, 0x00000000eb980000, 0x0000000100000000)
  eden space 1024K, 0% used [0x00000000eb580000,0x00000000eb580000,0x00000000eb680000)
  from space 512K, 100% used [0x00000000eb680000,0x00000000eb700000,0x00000000eb700000)
  to   space 1024K, 0% used [0x00000000eb880000,0x00000000eb880000,0x00000000eb980000)
 ParOldGen       total 61952K, used 720K [0x00000000c2000000, 0x00000000c5c80000, 0x00000000eb580000)
  object space 61952K, 1% used [0x00000000c2000000,0x00000000c20b43b8,0x00000000c5c80000)
 Metaspace       used 6459K, capacity 6582K, committed 6656K, reserved 1056768K
  class space    used 708K, capacity 755K, committed 768K, reserved 1048576K
}
Event: 0.564 GC heap before
{Heap before GC invocations=6 (full 0):
 PSYoungGen      total 1536K, used 1507K [0x00000000eb580000, 0x00000000eb980000, 0x0000000100000000)
  eden space 1024K, 97% used [0x00000000eb580000,0x00000000eb678ff8,0x00000000eb680000)
  from space 512K, 100% used [0x00000000eb680000,0x00000000eb700000,0x00000000eb700000)
  to   space 1024K, 0% used [0x00000000eb880000,0x00000000eb880000,0x00000000eb980000)
 ParOldGen       total 61952K, used 720K [0x00000000c2000000, 0x00000000c5c80000, 0x00000000eb580000)
  object space 61952K, 1% used [0x00000000c2000000,0x00000000c20b43b8,0x00000000c5c80000)
 Metaspace       used 6927K, capacity 7033K, committed 7296K, reserved 1056768K
  class space    used 726K, capacity 787K, committed 896K, reserved 1048576K
Event: 0.566 GC heap after
Heap after GC invocations=6 (full 0):
 PSYoungGen      total 3072K, used 768K [0x00000000eb580000, 0x00000000eb980000, 0x0000000100000000)
  eden space 2048K, 0% used [0x00000000eb580000,0x00000000eb580000,0x00000000eb780000)
  from space 1024K, 75% used [0x00000000eb880000,0x00000000eb940000,0x00000000eb980000)
  to   space 1024K, 0% used [0x00000000eb780000,0x00000000eb780000,0x00000000eb880000)
 ParOldGen       total 61952K, used 720K [0x00000000c2000000, 0x00000000c5c80000, 0x00000000eb580000)
  object space 61952K, 1% used [0x00000000c2000000,0x00000000c20b43b8,0x00000000c5c80000)
 Metaspace       used 6927K, capacity 7033K, committed 7296K, reserved 1056768K
  class space    used 726K, capacity 787K, committed 896K, reserved 1048576K
}
Event: 0.843 GC heap before
{Heap before GC invocations=7 (full 0):
 PSYoungGen      total 3072K, used 2753K [0x00000000eb580000, 0x00000000eb980000, 0x0000000100000000)
  eden space 2048K, 96% used [0x00000000eb580000,0x00000000eb770670,0x00000000eb780000)
  from space 1024K, 75% used [0x00000000eb880000,0x00000000eb940000,0x00000000eb980000)
  to   space 1024K, 0% used [0x00000000eb780000,0x00000000eb780000,0x00000000eb880000)
 ParOldGen       total 61952K, used 720K [0x00000000c2000000, 0x00000000c5c80000, 0x00000000eb580000)
  object space 61952K, 1% used [0x00000000c2000000,0x00000000c20b43b8,0x00000000c5c80000)
 Metaspace       used 7311K, capacity 7417K, committed 7552K, reserved 1056768K
  class space    used 736K, capacity 787K, committed 896K, reserved 1048576K
Event: 0.847 GC heap after
Heap after GC invocations=7 (full 0):
 PSYoungGen      total 3072K, used 1023K [0x00000000eb580000, 0x00000000ebc80000, 0x0000000100000000)
  eden space 2048K, 0% used [0x00000000eb580000,0x00000000eb580000,0x00000000eb780000)
  from space 1024K, 99% used [0x00000000eb780000,0x00000000eb87fe60,0x00000000eb880000)
  to   space 1536K, 0% used [0x00000000ebb00000,0x00000000ebb00000,0x00000000ebc80000)
 ParOldGen       total 61952K, used 1045K [0x00000000c2000000, 0x00000000c5c80000, 0x00000000eb580000)
  object space 61952K, 1% used [0x00000000c2000000,0x00000000c21056a8,0x00000000c5c80000)
 Metaspace       used 7311K, capacity 7417K, committed 7552K, reserved 1056768K
  class space    used 736K, capacity 787K, committed 896K, reserved 1048576K
}
Event: 4.814 GC heap before
{Heap before GC invocations=8 (full 0):
 PSYoungGen      total 3072K, used 3071K [0x00000000eb580000, 0x00000000ebc80000, 0x0000000100000000)
  eden space 2048K, 100% used [0x00000000eb580000,0x00000000eb780000,0x00000000eb780000)
  from space 1024K, 99% used [0x00000000eb780000,0x00000000eb87fe60,0x00000000eb880000)
  to   space 1536K, 0% used [0x00000000ebb00000,0x00000000ebb00000,0x00000000ebc80000)
 ParOldGen       total 61952K, used 2971K [0x00000000c2000000, 0x00000000c5c80000, 0x00000000eb580000)
  object space 61952K, 4% used [0x00000000c2000000,0x00000000c22e6d38,0x00000000c5c80000)
 Metaspace       used 7405K, capacity 7545K, committed 7808K, reserved 1056768K
  class space    used 741K, capacity 787K, committed 896K, reserved 1048576K
Event: 4.815 GC heap after
Heap after GC invocations=8 (full 0):
 PSYoungGen      total 5632K, used 640K [0x00000000eb580000, 0x00000000ebc80000, 0x0000000100000000)
  eden space 4096K, 0% used [0x00000000eb580000,0x00000000eb580000,0x00000000eb980000)
  from space 1536K, 41% used [0x00000000ebb00000,0x00000000ebba0000,0x00000000ebc80000)
  to   space 1536K, 0% used [0x00000000eb980000,0x00000000eb980000,0x00000000ebb00000)
 ParOldGen       total 61952K, used 3123K [0x00000000c2000000, 0x00000000c5c80000, 0x00000000eb580000)
  object space 61952K, 5% used [0x00000000c2000000,0x00000000c230cd48,0x00000000c5c80000)
 Metaspace       used 7405K, capacity 7545K, committed 7808K, reserved 1056768K
  class space    used 741K, capacity 787K, committed 896K, reserved 1048576K
}

Deoptimization events (0 events):
No events

Internal exceptions (10 events):
Event: 0.691 Thread 0x0000000002298000 Exception <a 'java/security/PrivilegedActionException'> (0x00000000eb66c998) thrown at [D:\re\workspace\8-2-build-windows-amd64-cygwin\jdk8u5\2488\hotspot\src\share\vm\prims\jvm.cpp, line 1248]
Event: 0.793 Thread 0x0000000002298000 Exception <a 'java/security/PrivilegedActionException'> (0x00000000eb700d30) thrown at [D:\re\workspace\8-2-build-windows-amd64-cygwin\jdk8u5\2488\hotspot\src\share\vm\prims\jvm.cpp, line 1248]
Event: 0.871 Thread 0x0000000002298000 Exception <a 'java/security/PrivilegedActionException'> (0x00000000eb5ac668) thrown at [D:\re\workspace\8-2-build-windows-amd64-cygwin\jdk8u5\2488\hotspot\src\share\vm\prims\jvm.cpp, line 1248]
Event: 0.877 Thread 0x0000000002298000 Exception <a 'java/security/PrivilegedActionException'> (0x00000000eb5adc58) thrown at [D:\re\workspace\8-2-build-windows-amd64-cygwin\jdk8u5\2488\hotspot\src\share\vm\prims\jvm.cpp, line 1248]
Event: 0.885 Thread 0x0000000002298000 Exception <a 'java/security/PrivilegedActionException'> (0x00000000eb5b12a0) thrown at [D:\re\workspace\8-2-build-windows-amd64-cygwin\jdk8u5\2488\hotspot\src\share\vm\prims\jvm.cpp, line 1248]
Event: 0.929 Thread 0x0000000002298000 Exception <a 'java/security/PrivilegedActionException'> (0x00000000eb5b8528) thrown at [D:\re\workspace\8-2-build-windows-amd64-cygwin\jdk8u5\2488\hotspot\src\share\vm\prims\jvm.cpp, line 1248]
Event: 4.747 Thread 0x0000000002298000 Exception <a 'java/security/PrivilegedActionException'> (0x00000000eb5cb1f0) thrown at [D:\re\workspace\8-2-build-windows-amd64-cygwin\jdk8u5\2488\hotspot\src\share\vm\prims\jvm.cpp, line 1248]
Event: 4.752 Thread 0x0000000002298000 Exception <a 'java/security/PrivilegedActionException'> (0x00000000eb5d00a8) thrown at [D:\re\workspace\8-2-build-windows-amd64-cygwin\jdk8u5\2488\hotspot\src\share\vm\prims\jvm.cpp, line 1248]
Event: 4.756 Thread 0x0000000002298000 Exception <a 'java/security/PrivilegedActionException'> (0x00000000eb5d2020) thrown at [D:\re\workspace\8-2-build-windows-amd64-cygwin\jdk8u5\2488\hotspot\src\share\vm\prims\jvm.cpp, line 1248]
Event: 4.760 Thread 0x0000000002298000 Exception <a 'java/security/PrivilegedActionException'> (0x00000000eb5d33e8) thrown at [D:\re\workspace\8-2-build-windows-amd64-cygwin\jdk8u5\2488\hotspot\src\share\vm\prims\jvm.cpp, line 1248]

Events (10 events):
Event: 361.612 Executing VM operation: EnterInterpOnlyMode
Event: 361.612 Executing nested VM operation: Deoptimize
Event: 361.612 Executing nested VM operation: Deoptimize done
Event: 361.612 Executing VM operation: EnterInterpOnlyMode done
Event: 361.612 Executing VM operation: GetCurrentLocation
Event: 361.612 Executing VM operation: GetCurrentLocation done
Event: 361.612 Executing VM operation: ChangeSingleStep
Event: 361.612 Executing VM operation: ChangeSingleStep done
Event: 361.612 Executing VM operation: ChangeSingleStep
Event: 361.612 Executing VM operation: ChangeSingleStep done


Dynamic libraries:
0x000000013f640000 - 0x000000013f674000 	C:\Program Files\Java\jdk1.8.0_05\bin\javaw.exe
0x00000000777d0000 - 0x000000007797a000 	C:\Windows\SYSTEM32\ntdll.dll
0x00000000776b0000 - 0x00000000777cf000 	C:\Windows\system32\kernel32.dll
0x000007fefd750000 - 0x000007fefd7ba000 	C:\Windows\system32\KERNELBASE.dll
0x000007feff5e0000 - 0x000007feff6bb000 	C:\Windows\system32\ADVAPI32.dll
0x000007fefec20000 - 0x000007fefecbf000 	C:\Windows\system32\msvcrt.dll
0x000007feff8d0000 - 0x000007feff8ef000 	C:\Windows\SYSTEM32\sechost.dll
0x000007feff180000 - 0x000007feff2ad000 	C:\Windows\system32\RPCRT4.dll
0x00000000775b0000 - 0x00000000776aa000 	C:\Windows\system32\USER32.dll
0x000007feff070000 - 0x000007feff0d7000 	C:\Windows\system32\GDI32.dll
0x000007fefea10000 - 0x000007fefea1e000 	C:\Windows\system32\LPK.dll
0x000007fefefa0000 - 0x000007feff06a000 	C:\Windows\system32\USP10.dll
0x000007fef9a60000 - 0x000007fef9c54000 	C:\Windows\WinSxS\amd64_microsoft.windows.common-controls_6595b64144ccf1df_6.0.7601.18837_none_fa3b1e3d17594757\COMCTL32.dll
0x000007feff2b0000 - 0x000007feff321000 	C:\Windows\system32\SHLWAPI.dll
0x000007feff530000 - 0x000007feff55e000 	C:\Windows\system32\IMM32.DLL
0x000007feff9d0000 - 0x000007feffad9000 	C:\Windows\system32\MSCTF.dll
0x0000000061540000 - 0x0000000061612000 	C:\Program Files\Java\jdk1.8.0_05\jre\bin\msvcr100.dll
0x0000000068710000 - 0x0000000068f3a000 	C:\Program Files\Java\jdk1.8.0_05\jre\bin\server\jvm.dll
0x000007fef82a0000 - 0x000007fef82a9000 	C:\Windows\system32\WSOCK32.dll
0x000007fefe9c0000 - 0x000007fefea0d000 	C:\Windows\system32\WS2_32.dll
0x000007fefea80000 - 0x000007fefea88000 	C:\Windows\system32\NSI.dll
0x000007feef5f0000 - 0x000007feef62b000 	C:\Windows\system32\WINMM.dll
0x00000000779a0000 - 0x00000000779a7000 	C:\Windows\system32\PSAPI.DLL
0x000000006b2f0000 - 0x000000006b2ff000 	C:\Program Files\Java\jdk1.8.0_05\jre\bin\verify.dll
0x00000000694b0000 - 0x00000000694d8000 	C:\Program Files\Java\jdk1.8.0_05\jre\bin\java.dll
0x000000006ae60000 - 0x000000006ae95000 	C:\Program Files\Java\jdk1.8.0_05\jre\bin\jdwp.dll
0x000000006aed0000 - 0x000000006aed8000 	C:\Program Files\Java\jdk1.8.0_05\jre\bin\npt.dll
0x0000000069490000 - 0x00000000694a6000 	C:\Program Files\Java\jdk1.8.0_05\jre\bin\zip.dll
0x000007fefd8c0000 - 0x000007fefe649000 	C:\Windows\system32\SHELL32.dll
0x000007feff6c0000 - 0x000007feff8c3000 	C:\Windows\system32\ole32.dll
0x000007fefd510000 - 0x000007fefd51f000 	C:\Windows\system32\profapi.dll
0x000000006af70000 - 0x000000006af79000 	C:\Program Files\Java\jdk1.8.0_05\jre\bin\dt_socket.dll
0x000007fef7f40000 - 0x000007fef7f55000 	C:\Windows\system32\NLAapi.dll
0x000007feefd90000 - 0x000007feefda5000 	C:\Windows\system32\napinsp.dll
0x000007feefd70000 - 0x000007feefd89000 	C:\Windows\system32\pnrpnsp.dll
0x000007fefccb0000 - 0x000007fefcd05000 	C:\Windows\System32\mswsock.dll
0x000007fefcb40000 - 0x000007fefcb9b000 	C:\Windows\system32\DNSAPI.dll
0x000007feefd60000 - 0x000007feefd6b000 	C:\Windows\System32\winrnr.dll
0x0000000074a80000 - 0x0000000074a8a000 	C:\Program Files\National Instruments\Shared\mDNS Responder\nimdnsNSP.dll
0x0000000074a70000 - 0x0000000074a80000 	C:\Windows\system32\nimdnsResponder.dll
0x000007fef5b10000 - 0x000007fef5b27000 	C:\Windows\system32\VCRUNTIME140.dll
0x000007fef5b00000 - 0x000007fef5b04000 	C:\Windows\system32\api-ms-win-crt-runtime-l1-1-0.dll
0x000007fef5a00000 - 0x000007fef5af2000 	C:\Windows\system32\ucrtbase.DLL
0x000007fef59f0000 - 0x000007fef59f3000 	C:\Windows\system32\api-ms-win-core-timezone-l1-1-0.dll
0x000007fef59e0000 - 0x000007fef59e3000 	C:\Windows\system32\api-ms-win-core-file-l2-1-0.dll
0x000007fef59d0000 - 0x000007fef59d3000 	C:\Windows\system32\api-ms-win-core-localization-l1-2-0.dll
0x000007fef59c0000 - 0x000007fef59c3000 	C:\Windows\system32\api-ms-win-core-synch-l1-2-0.dll
0x000007fef59b0000 - 0x000007fef59b3000 	C:\Windows\system32\api-ms-win-core-processthreads-l1-1-1.dll
0x000007fef59a0000 - 0x000007fef59a3000 	C:\Windows\system32\api-ms-win-core-file-l1-2-0.dll
0x000007fef5990000 - 0x000007fef5994000 	C:\Windows\system32\api-ms-win-crt-string-l1-1-0.dll
0x000007fef5980000 - 0x000007fef5983000 	C:\Windows\system32\api-ms-win-crt-heap-l1-1-0.dll
0x000007fef5970000 - 0x000007fef5974000 	C:\Windows\system32\api-ms-win-crt-stdio-l1-1-0.dll
0x000007fef5960000 - 0x000007fef5964000 	C:\Windows\system32\api-ms-win-crt-convert-l1-1-0.dll
0x000007fef8270000 - 0x000007fef8297000 	C:\Windows\system32\Iphlpapi.DLL
0x000007fef8260000 - 0x000007fef826b000 	C:\Windows\system32\WINNSI.DLL
0x000007fef7da0000 - 0x000007fef7df3000 	C:\Windows\System32\fwpuclnt.dll
0x000007fef5950000 - 0x000007fef5958000 	C:\Windows\system32\rasadhlp.dll
0x000007fefa010000 - 0x000007fefa017000 	C:\Windows\System32\wshtcpip.dll
0x0000000180000000 - 0x0000000180053000 	S:\GitHub\Project-Osiris\Projekt Info\native\windows\lwjgl64.dll
0x000007fee79f0000 - 0x000007fee7b0d000 	C:\Windows\system32\OPENGL32.dll
0x000007feee930000 - 0x000007feee95d000 	C:\Windows\system32\GLU32.dll
0x000007fee6df0000 - 0x000007fee6ee1000 	C:\Windows\system32\DDRAW.dll
0x000007fef9cc0000 - 0x000007fef9cc8000 	C:\Windows\system32\DCIMAN32.dll
0x000007feff330000 - 0x000007feff507000 	C:\Windows\system32\SETUPAPI.dll
0x000007fefd7d0000 - 0x000007fefd806000 	C:\Windows\system32\CFGMGR32.dll
0x000007feff8f0000 - 0x000007feff9ca000 	C:\Windows\system32\OLEAUT32.dll
0x000007fefd880000 - 0x000007fefd89a000 	C:\Windows\system32\DEVOBJ.dll
0x000007fef9110000 - 0x000007fef9128000 	C:\Windows\system32\dwmapi.dll
0x000007fefca00000 - 0x000007fefca0c000 	C:\Windows\system32\VERSION.dll
0x00000000613a0000 - 0x0000000061536000 	C:\Program Files\Java\jdk1.8.0_05\jre\bin\awt.dll
0x000007fef9740000 - 0x000007fef9796000 	C:\Windows\system32\uxtheme.dll
0x00000000585c0000 - 0x000000005971f000 	C:\Windows\system32\ig4icd64.dll
0x000007fefd3a0000 - 0x000007fefd3af000 	C:\Windows\system32\CRYPTBASE.dll
0x000007fee6d50000 - 0x000007fee6dec000 	C:\Windows\system32\mscms.dll
0x000007fefd8a0000 - 0x000007fefd8be000 	C:\Windows\system32\USERENV.dll
0x000007feee5b0000 - 0x000007feee5f2000 	C:\Windows\system32\icm32.dll
0x000007fef9220000 - 0x000007fef9345000 	C:\Windows\system32\dbghelp.dll

VM Arguments:
jvm_args: -agentlib:jdwp=transport=dt_socket,suspend=y,address=localhost:65137 -Djava.library.path=S:\GitHub\Project-Osiris\Projekt Info\native\windows -Dfile.encoding=Cp1252 
java_command: Main.Main
java_class_path (initial): S:\GitHub\Project-Osiris\Projekt Info\bin;S:\GitHub\Project-Osiris\Projekt Info\jar\lwjgl_util.jar;S:\GitHub\Project-Osiris\Projekt Info\jar\lwjgl.jar;S:\GitHub\Project-Osiris\Projekt Info\jar\slick-util.jar
Launcher Type: SUN_STANDARD

Environment Variables:
PATH=C:\Program Files\Java\jdk1.8.0_05\jre\bin;C:/Program Files/Java/jdk1.8.0_05/bin/../jre/bin/server;C:/Program Files/Java/jdk1.8.0_05/bin/../jre/bin;C:/Program Files/Java/jdk1.8.0_05/bin/../jre/lib/amd64;C:\ProgramData\Oracle\Java\javapath;C:\Windows\system32;C:\Windows;C:\Windows\System32\Wbem;C:\Windows\System32\WindowsPowerShell\v1.0\;C:\Program Files\Novell\iPrint;;C:\Program Files (x86)\Novell\ZENworks\bin;C:\Program Files (x86)\IVI Foundation\VISA\WinNT\Bin;P:\Installation\Eclipse\Mars;
USERNAME=HopperdietzelStephan
OS=Windows_NT
PROCESSOR_IDENTIFIER=Intel64 Family 6 Model 42 Stepping 7, GenuineIntel



---------------  S Y S T E M  ---------------

OS: Windows 7 , 64 bit Build 7601 Service Pack 1

CPU:total 4 (2 cores per cpu, 2 threads per core) family 6 model 42 stepping 7, cmov, cx8, fxsr, mmx, sse, sse2, sse3, ssse3, sse4.1, sse4.2, popcnt, avx, clmul, ht, tsc, tscinvbit

Memory: 4k page, physical 4061296k(1405512k free), swap 8120732k(3720948k free)

vm_info: Java HotSpot(TM) 64-Bit Server VM (25.5-b02) for windows-amd64 JRE (1.8.0_05-b13), built on Mar 18 2014 01:08:39 by "java_re" with MS VC++ 10.0 (VS2010)

time: Mon Jul 10 11:17:36 2017
elapsed time: 362 seconds

